# JRE version: Java(TM) SE Runtime Environment 18.9 (11.0.20+9) (build 11.0.20+9-LTS-256)
# Java VM: Java HotSpot(TM) 64-Bit Server VM 18.9 (11.0.20+9-LTS-256, mixed mode, tiered, compressed oops, g1 gc, windows-amd64)
Heap:
 garbage-first heap   total 303104K, used 95361K [0x000000070a800000, 0x0000000800000000)
  region size 1024K, 35 young (35840K), 1 survivors (1024K)
 Metaspace       used 42513K, capacity 43637K, committed 43772K, reserved 1087488K
  class space    used 4512K, capacity 4925K, committed 4992K, reserved 1048576K
GC Heap History (10 events):
Event: 7.376 GC heap before
{Heap before GC invocations=6 (full 0):
 garbage-first heap   total 303104K, used 117066K [0x000000070a800000, 0x0000000800000000)
  region size 1024K, 84 young (86016K), 3 survivors (3072K)
 Metaspace       used 34607K, capacity 35401K, committed 35708K, reserved 1081344K
  class space    used 3687K, capacity 3992K, committed 4096K, reserved 1048576K
}
Event: 7.388 GC heap after
{Heap after GC invocations=7 (full 0):
 garbage-first heap   total 303104K, used 52224K [0x000000070a800000, 0x0000000800000000)
  region size 1024K, 11 young (11264K), 11 survivors (11264K)
 Metaspace       used 34607K, capacity 35401K, committed 35708K, reserved 1081344K
  class space    used 3687K, capacity 3992K, committed 4096K, reserved 1048576K
}
Event: 7.477 GC heap before
{Heap before GC invocations=7 (full 0):
 garbage-first heap   total 303104K, used 68608K [0x000000070a800000, 0x0000000800000000)
  region size 1024K, 27 young (27648K), 11 survivors (11264K)
 Metaspace       used 34772K, capacity 35572K, committed 35708K, reserved 1081344K
  class space    used 3698K, capacity 4026K, committed 4096K, reserved 1048576K
}
Event: 7.485 GC heap after
{Heap after GC invocations=8 (full 0):
 garbage-first heap   total 303104K, used 57542K [0x000000070a800000, 0x0000000800000000)
  region size 1024K, 3 young (3072K), 3 survivors (3072K)
 Metaspace       used 34772K, capacity 35572K, committed 35708K, reserved 1081344K
  class space    used 3698K, capacity 4026K, committed 4096K, reserved 1048576K
}
Event: 8.895 GC heap before
{Heap before GC invocations=9 (full 0):
 garbage-first heap   total 303104K, used 149702K [0x000000070a800000, 0x0000000800000000)
  region size 1024K, 89 young (91136K), 3 survivors (3072K)
 Metaspace       used 38843K, capacity 39889K, committed 40060K, reserved 1085440K
  class space    used 4147K, capacity 4532K, committed 4608K, reserved 1048576K
}
Event: 8.901 GC heap after
{Heap after GC invocations=10 (full 0):
 garbage-first heap   total 303104K, used 66163K [0x000000070a800000, 0x0000000800000000)
  region size 1024K, 12 young (12288K), 12 survivors (12288K)
 Metaspace       used 38843K, capacity 39889K, committed 40060K, reserved 1085440K
  class space    used 4147K, capacity 4532K, committed 4608K, reserved 1048576K
}
Event: 10.044 GC heap before
{Heap before GC invocations=11 (full 0):
 garbage-first heap   total 303104K, used 158323K [0x000000070a800000, 0x0000000800000000)
  region size 1024K, 103 young (105472K), 12 survivors (12288K)
 Metaspace       used 40347K, capacity 41443K, committed 41724K, reserved 1087488K
  class space    used 4310K, capacity 4706K, committed 4736K, reserved 1048576K
}
Event: 10.051 GC heap after
{Heap after GC invocations=12 (full 0):
 garbage-first heap   total 303104K, used 68327K [0x000000070a800000, 0x0000000800000000)
  region size 1024K, 8 young (8192K), 8 survivors (8192K)
 Metaspace       used 40347K, capacity 41443K, committed 41724K, reserved 1087488K
  class space    used 4310K, capacity 4706K, committed 4736K, reserved 1048576K
}
Event: 10.148 GC heap before
{Heap before GC invocations=12 (full 0):
 garbage-first heap   total 303104K, used 74471K [0x000000070a800000, 0x0000000800000000)
  region size 1024K, 14 young (14336K), 8 survivors (8192K)
 Metaspace       used 40354K, capacity 41507K, committed 41724K, reserved 1087488K
  class space    used 4310K, capacity 4706K, committed 4736K, reserved 1048576K
}
Event: 10.150 GC heap after
{Heap after GC invocations=13 (full 0):
 garbage-first heap   total 303104K, used 61569K [0x000000070a800000, 0x0000000800000000)
  region size 1024K, 1 young (1024K), 1 survivors (1024K)
 Metaspace       used 40354K, capacity 41507K, committed 41724K, reserved 1087488K
  class space    used 4310K, capacity 4706K, committed 4736K, reserved 1048576K
}

